0 info it worked if it ends with ok
1 verbose cli [ '/home/piotr/.nvm/versions/node/v0.12.0/bin/node',
1 verbose cli   '/home/piotr/.nvm/versions/node/v0.12.0/bin/npm',
1 verbose cli   'start' ]
2 info using npm@2.5.1
3 info using node@v0.12.0
4 verbose run-script [ 'prestart', 'start', 'poststart' ]
5 info prestart blog@0.0.0
6 info start blog@0.0.0
7 verbose unsafe-perm in lifecycle true
8 info blog@0.0.0 Failed to exec start script
9 verbose stack Error: blog@0.0.0 start: `babel-node --stage 1 app.js`
9 verbose stack Exit status 1
9 verbose stack     at EventEmitter.<anonymous> (/home/piotr/.nvm/versions/node/v0.12.0/lib/node_modules/npm/lib/utils/lifecycle.js:213:16)
9 verbose stack     at EventEmitter.emit (events.js:110:17)
9 verbose stack     at ChildProcess.<anonymous> (/home/piotr/.nvm/versions/node/v0.12.0/lib/node_modules/npm/lib/utils/spawn.js:14:12)
9 verbose stack     at ChildProcess.emit (events.js:110:17)
9 verbose stack     at maybeClose (child_process.js:1008:16)
9 verbose stack     at Process.ChildProcess._handle.onexit (child_process.js:1080:5)
10 verbose pkgid blog@0.0.0
11 verbose cwd /home/piotr/Dokumenty/LearningProjects/mongo_course/final7
12 error Linux 3.13.0-57-generic
13 error argv "/home/piotr/.nvm/versions/node/v0.12.0/bin/node" "/home/piotr/.nvm/versions/node/v0.12.0/bin/npm" "start"
14 error node v0.12.0
15 error npm  v2.5.1
16 error code ELIFECYCLE
17 error blog@0.0.0 start: `babel-node --stage 1 app.js`
17 error Exit status 1
18 error Failed at the blog@0.0.0 start script 'babel-node --stage 1 app.js'.
18 error This is most likely a problem with the blog package,
18 error not with npm itself.
18 error Tell the author that this fails on your system:
18 error     babel-node --stage 1 app.js
18 error You can get their info via:
18 error     npm owner ls blog
18 error There is likely additional logging output above.
19 verbose exit [ 1, true ]
